<?xml version="1.0" encoding="UTF-8"?>
<testng-results ignored="0" total="1" passed="1" failed="0" skipped="0">
  <reporter-output>
  </reporter-output>
  <suite started-at="2022-11-24T20:35:28 GST" name="Suite" finished-at="2022-11-24T20:36:32 GST" duration-ms="64207">
    <groups>
      <group name="test">
        <method signature="ValidateSecondHighestPriceTvTest.samsungSecondHighestPricedTvPageTest()[pri:0, instance:in.amazon.clipboard.testcases.ValidateSecondHighestPriceTvTest@4bff7da0]" name="samsungSecondHighestPricedTvPageTest" class="in.amazon.clipboard.testcases.ValidateSecondHighestPriceTvTest"/>
      </group> <!-- test -->
      <group name="regression">
        <method signature="ValidateSecondHighestPriceTvTest.samsungSecondHighestPricedTvPageTest()[pri:0, instance:in.amazon.clipboard.testcases.ValidateSecondHighestPriceTvTest@4bff7da0]" name="samsungSecondHighestPricedTvPageTest" class="in.amazon.clipboard.testcases.ValidateSecondHighestPriceTvTest"/>
      </group> <!-- regression -->
      <group name="sanity">
        <method signature="ValidateSecondHighestPriceTvTest.samsungSecondHighestPricedTvPageTest()[pri:0, instance:in.amazon.clipboard.testcases.ValidateSecondHighestPriceTvTest@4bff7da0]" name="samsungSecondHighestPricedTvPageTest" class="in.amazon.clipboard.testcases.ValidateSecondHighestPriceTvTest"/>
      </group> <!-- sanity -->
    </groups>
    <test started-at="2022-11-24T20:35:28 GST" name="Test" finished-at="2022-11-24T20:36:32 GST" duration-ms="64207">
      <class name="in.amazon.clipboard.testcases.ValidateSecondHighestPriceTvTest">
        <test-method is-config="true" signature="initBrowser(java.lang.String)[pri:0, instance:in.amazon.clipboard.testcases.ValidateSecondHighestPriceTvTest@4bff7da0]" started-at="2022-11-24T20:35:28 GST" name="initBrowser" finished-at="2022-11-24T20:35:43 GST" duration-ms="15108" status="PASS">
          <params>
            <param index="0">
              <value>
                <![CDATA[chrome]]>
              </value>
            </param>
          </params>
          <reporter-output>
          </reporter-output>
        </test-method> <!-- initBrowser -->
        <test-method signature="samsungSecondHighestPricedTvPageTest()[pri:0, instance:in.amazon.clipboard.testcases.ValidateSecondHighestPriceTvTest@4bff7da0]" started-at="2022-11-24T20:35:43 GST" name="samsungSecondHighestPricedTvPageTest" finished-at="2022-11-24T20:36:30 GST" duration-ms="46374" status="PASS">
          <reporter-output>
          </reporter-output>
        </test-method> <!-- samsungSecondHighestPricedTvPageTest -->
        <test-method is-config="true" signature="navigateToHomePage()[pri:0, instance:in.amazon.clipboard.testcases.ValidateSecondHighestPriceTvTest@4bff7da0]" started-at="2022-11-24T20:36:30 GST" name="navigateToHomePage" finished-at="2022-11-24T20:36:32 GST" duration-ms="2606" status="PASS">
          <reporter-output>
          </reporter-output>
        </test-method> <!-- navigateToHomePage -->
      </class> <!-- in.amazon.clipboard.testcases.ValidateSecondHighestPriceTvTest -->
    </test> <!-- Test -->
  </suite> <!-- Suite -->
</testng-results>
